{"C:\\Users\\paulp\\Desktop\\React\\src\\components\\app\\app.types.ts": {"path":"C:\\Users\\paulp\\Desktop\\React\\src\\components\\app\\app.types.ts","statementMap":{"0":{"start":{"line":1,"column":0},"end":{"line":1,"column":null}},"1":{"start":{"line":2,"column":4},"end":{"line":2,"column":null}},"2":{"start":{"line":3,"column":4},"end":{"line":3,"column":null}},"3":{"start":{"line":6,"column":0},"end":{"line":6,"column":null}},"4":{"start":{"line":7,"column":4},"end":{"line":7,"column":null}},"5":{"start":{"line":8,"column":4},"end":{"line":8,"column":null}}},"fnMap":{"0":{"name":"(anonymous_0)","decl":{"start":{"line":1,"column":0},"end":{"line":1,"column":12}},"loc":{"start":{"line":1,"column":18},"end":{"line":4,"column":1}}},"1":{"name":"(anonymous_1)","decl":{"start":{"line":6,"column":0},"end":{"line":6,"column":12}},"loc":{"start":{"line":6,"column":20},"end":{"line":9,"column":1}}}},"branchMap":{"0":{"loc":{"start":{"line":1,"column":12},"end":{"line":1,"column":18}},"type":"binary-expr","locations":[{"start":{"line":1,"column":12},"end":{"line":1,"column":18}},{"start":{"line":1,"column":12},"end":{"line":1,"column":null}}]},"1":{"loc":{"start":{"line":6,"column":12},"end":{"line":6,"column":20}},"type":"binary-expr","locations":[{"start":{"line":6,"column":12},"end":{"line":6,"column":20}},{"start":{"line":6,"column":12},"end":{"line":6,"column":null}}]}},"s":{"0":1,"1":1,"2":1,"3":1,"4":1,"5":1},"f":{"0":1,"1":1},"b":{"0":[1,1],"1":[1,1]}}
,"C:\\Users\\paulp\\Desktop\\React\\src\\store\\movies\\movies.actions.ts": {"path":"C:\\Users\\paulp\\Desktop\\React\\src\\store\\movies\\movies.actions.ts","statementMap":{"0":{"start":{"line":2,"column":0},"end":{"line":2,"column":66}},"1":{"start":{"line":3,"column":0},"end":{"line":3,"column":null}},"2":{"start":{"line":25,"column":27},"end":{"line":25,"column":76}},"3":{"start":{"line":25,"column":42},"end":{"line":25,"column":75}},"4":{"start":{"line":26,"column":28},"end":{"line":26,"column":78}},"5":{"start":{"line":26,"column":43},"end":{"line":26,"column":77}},"6":{"start":{"line":27,"column":32},"end":{"line":27,"column":87}},"7":{"start":{"line":27,"column":47},"end":{"line":27,"column":86}},"8":{"start":{"line":28,"column":33},"end":{"line":28,"column":89}},"9":{"start":{"line":28,"column":48},"end":{"line":28,"column":88}},"10":{"start":{"line":30,"column":26},"end":{"line":48,"column":1}},"11":{"start":{"line":37,"column":4},"end":{"line":47,"column":6}},"12":{"start":{"line":38,"column":8},"end":{"line":38,"column":39}},"13":{"start":{"line":39,"column":8},"end":{"line":46,"column":57}},"14":{"start":{"line":42,"column":32},"end":{"line":42,"column":47}},"15":{"start":{"line":44,"column":16},"end":{"line":44,"column":63}},"16":{"start":{"line":46,"column":24},"end":{"line":46,"column":55}},"17":{"start":{"line":30,"column":13},"end":{"line":30,"column":26}},"18":{"start":{"line":50,"column":34},"end":{"line":54,"column":1}},"19":{"start":{"line":51,"column":4},"end":{"line":53,"column":6}},"20":{"start":{"line":52,"column":8},"end":{"line":52,"column":69}},"21":{"start":{"line":50,"column":13},"end":{"line":50,"column":34}},"22":{"start":{"line":56,"column":28},"end":{"line":66,"column":1}},"23":{"start":{"line":57,"column":4},"end":{"line":65,"column":6}},"24":{"start":{"line":60,"column":8},"end":{"line":60,"column":44}},"25":{"start":{"line":61,"column":8},"end":{"line":64,"column":62}},"26":{"start":{"line":62,"column":32},"end":{"line":62,"column":47}},"27":{"start":{"line":63,"column":28},"end":{"line":63,"column":78}},"28":{"start":{"line":64,"column":24},"end":{"line":64,"column":60}},"29":{"start":{"line":56,"column":13},"end":{"line":56,"column":28}},"30":{"start":{"line":68,"column":33},"end":{"line":89,"column":1}},"31":{"start":{"line":69,"column":4},"end":{"line":88,"column":6}},"32":{"start":{"line":78,"column":58},"end":{"line":78,"column":68}},"33":{"start":{"line":79,"column":8},"end":{"line":79,"column":56}},"34":{"start":{"line":80,"column":8},"end":{"line":87,"column":10}},"35":{"start":{"line":68,"column":13},"end":{"line":68,"column":33}}},"fnMap":{"0":{"name":"(anonymous_0)","decl":{"start":{"line":25,"column":27},"end":{"line":25,"column":38}},"loc":{"start":{"line":25,"column":42},"end":{"line":25,"column":75}}},"1":{"name":"(anonymous_1)","decl":{"start":{"line":26,"column":28},"end":{"line":26,"column":39}},"loc":{"start":{"line":26,"column":43},"end":{"line":26,"column":77}}},"2":{"name":"(anonymous_2)","decl":{"start":{"line":27,"column":32},"end":{"line":27,"column":43}},"loc":{"start":{"line":27,"column":47},"end":{"line":27,"column":86}}},"3":{"name":"(anonymous_3)","decl":{"start":{"line":28,"column":33},"end":{"line":28,"column":44}},"loc":{"start":{"line":28,"column":48},"end":{"line":28,"column":88}}},"4":{"name":"(anonymous_4)","decl":{"start":{"line":30,"column":26},"end":{"line":30,"column":27}},"loc":{"start":{"line":36,"column":22},"end":{"line":48,"column":1}}},"5":{"name":"(anonymous_5)","decl":{"start":{"line":37,"column":11},"end":{"line":37,"column":12}},"loc":{"start":{"line":37,"column":97},"end":{"line":47,"column":5}}},"6":{"name":"(anonymous_6)","decl":{"start":{"line":42,"column":18},"end":{"line":42,"column":19}},"loc":{"start":{"line":42,"column":32},"end":{"line":42,"column":47}}},"7":{"name":"(anonymous_7)","decl":{"start":{"line":43,"column":18},"end":{"line":43,"column":19}},"loc":{"start":{"line":43,"column":27},"end":{"line":45,"column":13}}},"8":{"name":"(anonymous_8)","decl":{"start":{"line":46,"column":18},"end":{"line":46,"column":21}},"loc":{"start":{"line":46,"column":24},"end":{"line":46,"column":55}}},"9":{"name":"(anonymous_9)","decl":{"start":{"line":50,"column":34},"end":{"line":50,"column":35}},"loc":{"start":{"line":50,"column":54},"end":{"line":54,"column":1}}},"10":{"name":"(anonymous_10)","decl":{"start":{"line":51,"column":11},"end":{"line":51,"column":12}},"loc":{"start":{"line":51,"column":87},"end":{"line":53,"column":5}}},"11":{"name":"(anonymous_11)","decl":{"start":{"line":56,"column":28},"end":{"line":56,"column":29}},"loc":{"start":{"line":56,"column":43},"end":{"line":66,"column":1}}},"12":{"name":"(anonymous_12)","decl":{"start":{"line":57,"column":11},"end":{"line":57,"column":null}},"loc":{"start":{"line":59,"column":23},"end":{"line":65,"column":5}}},"13":{"name":"(anonymous_13)","decl":{"start":{"line":62,"column":18},"end":{"line":62,"column":19}},"loc":{"start":{"line":62,"column":32},"end":{"line":62,"column":47}}},"14":{"name":"(anonymous_14)","decl":{"start":{"line":63,"column":18},"end":{"line":63,"column":19}},"loc":{"start":{"line":63,"column":28},"end":{"line":63,"column":78}}},"15":{"name":"(anonymous_15)","decl":{"start":{"line":64,"column":18},"end":{"line":64,"column":21}},"loc":{"start":{"line":64,"column":24},"end":{"line":64,"column":60}}},"16":{"name":"(anonymous_16)","decl":{"start":{"line":68,"column":33},"end":{"line":68,"column":34}},"loc":{"start":{"line":68,"column":70},"end":{"line":89,"column":1}}},"17":{"name":"(anonymous_17)","decl":{"start":{"line":69,"column":11},"end":{"line":69,"column":null}},"loc":{"start":{"line":77,"column":14},"end":{"line":88,"column":5}}}},"branchMap":{"0":{"loc":{"start":{"line":31,"column":13},"end":{"line":31,"column":31}},"type":"default-arg","locations":[{"start":{"line":31,"column":13},"end":{"line":31,"column":31}}]},"1":{"loc":{"start":{"line":32,"column":13},"end":{"line":32,"column":15}},"type":"default-arg","locations":[{"start":{"line":32,"column":13},"end":{"line":32,"column":15}}]},"2":{"loc":{"start":{"line":33,"column":15},"end":{"line":33,"column":29}},"type":"default-arg","locations":[{"start":{"line":33,"column":15},"end":{"line":33,"column":29}}]},"3":{"loc":{"start":{"line":34,"column":13},"end":{"line":34,"column":14}},"type":"default-arg","locations":[{"start":{"line":34,"column":13},"end":{"line":34,"column":14}}]},"4":{"loc":{"start":{"line":35,"column":12},"end":{"line":35,"column":13}},"type":"default-arg","locations":[{"start":{"line":35,"column":12},"end":{"line":35,"column":13}}]},"5":{"loc":{"start":{"line":82,"column":24},"end":{"line":82,"column":38}},"type":"binary-expr","locations":[{"start":{"line":82,"column":24},"end":{"line":82,"column":38}},{"start":{"line":82,"column":42},"end":{"line":82,"column":48}}]},"6":{"loc":{"start":{"line":83,"column":24},"end":{"line":83,"column":43}},"type":"binary-expr","locations":[{"start":{"line":83,"column":24},"end":{"line":83,"column":43}},{"start":{"line":83,"column":47},"end":{"line":83,"column":58}}]},"7":{"loc":{"start":{"line":84,"column":26},"end":{"line":84,"column":42}},"type":"binary-expr","locations":[{"start":{"line":84,"column":26},"end":{"line":84,"column":42}},{"start":{"line":84,"column":46},"end":{"line":84,"column":54}}]},"8":{"loc":{"start":{"line":85,"column":24},"end":{"line":85,"column":38}},"type":"binary-expr","locations":[{"start":{"line":85,"column":24},"end":{"line":85,"column":38}},{"start":{"line":85,"column":42},"end":{"line":85,"column":48}}]}},"s":{"0":1,"1":1,"2":1,"3":2,"4":1,"5":1,"6":1,"7":1,"8":1,"9":1,"10":1,"11":2,"12":2,"13":2,"14":2,"15":1,"16":1,"17":1,"18":1,"19":1,"20":1,"21":1,"22":1,"23":1,"24":1,"25":1,"26":1,"27":1,"28":1,"29":1,"30":1,"31":1,"32":1,"33":1,"34":1,"35":1},"f":{"0":2,"1":1,"2":1,"3":1,"4":2,"5":2,"6":2,"7":1,"8":1,"9":1,"10":1,"11":1,"12":1,"13":1,"14":1,"15":1,"16":1,"17":1},"b":{"0":[2],"1":[2],"2":[2],"3":[2],"4":[2],"5":[1,1],"6":[1,1],"7":[1,1],"8":[1,1]}}
,"C:\\Users\\paulp\\Desktop\\React\\src\\store\\movies\\movies.constants.ts": {"path":"C:\\Users\\paulp\\Desktop\\React\\src\\store\\movies\\movies.constants.ts","statementMap":{"0":{"start":{"line":1,"column":13},"end":{"line":1,"column":72}},"1":{"start":{"line":2,"column":13},"end":{"line":2,"column":41}},"2":{"start":{"line":3,"column":13},"end":{"line":3,"column":59}},"3":{"start":{"line":4,"column":13},"end":{"line":4,"column":49}},"4":{"start":{"line":5,"column":13},"end":{"line":5,"column":65}},"5":{"start":{"line":6,"column":13},"end":{"line":6,"column":67}},"6":{"start":{"line":7,"column":13},"end":{"line":7,"column":77}},"7":{"start":{"line":8,"column":13},"end":{"line":8,"column":79}},"8":{"start":{"line":9,"column":13},"end":{"line":9,"column":55}}},"fnMap":{},"branchMap":{},"s":{"0":1,"1":1,"2":1,"3":1,"4":1,"5":1,"6":1,"7":1,"8":1},"f":{},"b":{}}
}
