{"C:\\Users\\Pavel_Ponamarev\\Desktop\\React\\src\\components\\app\\app.constants.ts": {"path":"C:\\Users\\Pavel_Ponamarev\\Desktop\\React\\src\\components\\app\\app.constants.ts","statementMap":{"0":{"start":{"line":1,"column":13},"end":{"line":1,"column":52}}},"fnMap":{},"branchMap":{},"s":{"0":2},"f":{},"b":{}}
,"C:\\Users\\Pavel_Ponamarev\\Desktop\\React\\src\\components\\app\\app.helpers.ts": {"path":"C:\\Users\\Pavel_Ponamarev\\Desktop\\React\\src\\components\\app\\app.helpers.ts","statementMap":{"0":{"start":{"line":2,"column":0},"end":{"line":2,"column":47}},"1":{"start":{"line":5,"column":24},"end":{"line":5,"column":88}},"2":{"start":{"line":5,"column":47},"end":{"line":5,"column":88}},"3":{"start":{"line":5,"column":13},"end":{"line":5,"column":24}},"4":{"start":{"line":7,"column":30},"end":{"line":18,"column":1}},"5":{"start":{"line":10,"column":35},"end":{"line":10,"column":37}},"6":{"start":{"line":12,"column":4},"end":{"line":15,"column":null}},"7":{"start":{"line":13,"column":8},"end":{"line":13,"column":42}},"8":{"start":{"line":14,"column":8},"end":{"line":14,"column":35}},"9":{"start":{"line":17,"column":4},"end":{"line":17,"column":23}},"10":{"start":{"line":7,"column":13},"end":{"line":7,"column":30}}},"fnMap":{"0":{"name":"(anonymous_0)","decl":{"start":{"line":5,"column":24},"end":{"line":5,"column":44}},"loc":{"start":{"line":5,"column":47},"end":{"line":5,"column":88}}},"1":{"name":"(anonymous_1)","decl":{"start":{"line":7,"column":30},"end":{"line":7,"column":null}},"loc":{"start":{"line":9,"column":7},"end":{"line":18,"column":1}}}},"branchMap":{},"s":{"0":1,"1":1,"2":0,"3":1,"4":1,"5":0,"6":0,"7":0,"8":0,"9":0,"10":1},"f":{"0":0,"1":0},"b":{}}
,"C:\\Users\\Pavel_Ponamarev\\Desktop\\React\\src\\components\\app\\app.tsx": {"path":"C:\\Users\\Pavel_Ponamarev\\Desktop\\React\\src\\components\\app\\app.tsx","statementMap":{"0":{"start":{"line":1,"column":0},"end":{"line":1,"column":44}},"1":{"start":{"line":2,"column":0},"end":{"line":2,"column":42}},"2":{"start":{"line":3,"column":0},"end":{"line":3,"column":75}},"3":{"start":{"line":4,"column":0},"end":{"line":4,"column":36}},"4":{"start":{"line":5,"column":0},"end":{"line":5,"column":69}},"5":{"start":{"line":6,"column":0},"end":{"line":6,"column":36}},"6":{"start":{"line":7,"column":0},"end":{"line":7,"column":42}},"7":{"start":{"line":8,"column":0},"end":{"line":8,"column":74}},"8":{"start":{"line":9,"column":0},"end":{"line":9,"column":51}},"9":{"start":{"line":11,"column":19},"end":{"line":32,"column":1}},"10":{"start":{"line":12,"column":4},"end":{"line":31,"column":6}},"11":{"start":{"line":11,"column":13},"end":{"line":11,"column":19}}},"fnMap":{"0":{"name":"(anonymous_1)","decl":{"start":{"line":11,"column":19},"end":{"line":11,"column":36}},"loc":{"start":{"line":11,"column":38},"end":{"line":32,"column":1}}}},"branchMap":{},"s":{"0":1,"1":1,"2":1,"3":1,"4":1,"5":1,"6":1,"7":1,"8":1,"9":1,"10":1,"11":1},"f":{"0":1},"b":{}}
,"C:\\Users\\Pavel_Ponamarev\\Desktop\\React\\src\\components\\app\\app.types.ts": {"path":"C:\\Users\\Pavel_Ponamarev\\Desktop\\React\\src\\components\\app\\app.types.ts","statementMap":{"0":{"start":{"line":1,"column":0},"end":{"line":1,"column":null}},"1":{"start":{"line":2,"column":4},"end":{"line":2,"column":null}},"2":{"start":{"line":3,"column":4},"end":{"line":3,"column":null}},"3":{"start":{"line":6,"column":0},"end":{"line":6,"column":null}},"4":{"start":{"line":7,"column":4},"end":{"line":7,"column":null}},"5":{"start":{"line":8,"column":4},"end":{"line":8,"column":null}}},"fnMap":{"0":{"name":"(anonymous_0)","decl":{"start":{"line":1,"column":0},"end":{"line":1,"column":12}},"loc":{"start":{"line":1,"column":18},"end":{"line":4,"column":1}}},"1":{"name":"(anonymous_1)","decl":{"start":{"line":6,"column":0},"end":{"line":6,"column":12}},"loc":{"start":{"line":6,"column":20},"end":{"line":9,"column":1}}}},"branchMap":{"0":{"loc":{"start":{"line":1,"column":12},"end":{"line":1,"column":18}},"type":"binary-expr","locations":[{"start":{"line":1,"column":12},"end":{"line":1,"column":18}},{"start":{"line":1,"column":12},"end":{"line":1,"column":null}}]},"1":{"loc":{"start":{"line":6,"column":12},"end":{"line":6,"column":20}},"type":"binary-expr","locations":[{"start":{"line":6,"column":12},"end":{"line":6,"column":20}},{"start":{"line":6,"column":12},"end":{"line":6,"column":null}}]}},"s":{"0":1,"1":1,"2":1,"3":1,"4":1,"5":1},"f":{"0":1,"1":1},"b":{"0":[1,1],"1":[1,1]}}
,"C:\\Users\\Pavel_Ponamarev\\Desktop\\React\\src\\components\\button\\button.tsx": {"path":"C:\\Users\\Pavel_Ponamarev\\Desktop\\React\\src\\components\\button\\button.tsx","statementMap":{"0":{"start":{"line":1,"column":0},"end":{"line":1,"column":48}},"1":{"start":{"line":2,"column":0},"end":{"line":2,"column":29}},"2":{"start":{"line":5,"column":39},"end":{"line":8,"column":null}},"3":{"start":{"line":6,"column":4},"end":{"line":7,"column":null}},"4":{"start":{"line":5,"column":13},"end":{"line":5,"column":39}}},"fnMap":{"0":{"name":"(anonymous_1)","decl":{"start":{"line":5,"column":39},"end":{"line":5,"column":40}},"loc":{"start":{"line":6,"column":4},"end":{"line":7,"column":null}}}},"branchMap":{},"s":{"0":1,"1":1,"2":1,"3":0,"4":1},"f":{"0":0},"b":{}}
,"C:\\Users\\Pavel_Ponamarev\\Desktop\\React\\src\\components\\errorpage\\errorpage.tsx": {"path":"C:\\Users\\Pavel_Ponamarev\\Desktop\\React\\src\\components\\errorpage\\errorpage.tsx","statementMap":{"0":{"start":{"line":1,"column":0},"end":{"line":1,"column":44}},"1":{"start":{"line":2,"column":0},"end":{"line":2,"column":32}},"2":{"start":{"line":4,"column":25},"end":{"line":17,"column":1}},"3":{"start":{"line":5,"column":4},"end":{"line":16,"column":6}},"4":{"start":{"line":4,"column":13},"end":{"line":4,"column":25}}},"fnMap":{"0":{"name":"(anonymous_1)","decl":{"start":{"line":4,"column":25},"end":{"line":4,"column":42}},"loc":{"start":{"line":4,"column":44},"end":{"line":17,"column":1}}}},"branchMap":{},"s":{"0":1,"1":1,"2":1,"3":0,"4":1},"f":{"0":0},"b":{}}
,"C:\\Users\\Pavel_Ponamarev\\Desktop\\React\\src\\components\\footer\\footer.constants.ts": {"path":"C:\\Users\\Pavel_Ponamarev\\Desktop\\React\\src\\components\\footer\\footer.constants.ts","statementMap":{"0":{"start":{"line":2,"column":0},"end":{"line":2,"column":49}},"1":{"start":{"line":4,"column":13},"end":{"line":4,"column":88}}},"fnMap":{},"branchMap":{},"s":{"0":2,"1":2},"f":{},"b":{}}
,"C:\\Users\\Pavel_Ponamarev\\Desktop\\React\\src\\components\\footer\\footer.tsx": {"path":"C:\\Users\\Pavel_Ponamarev\\Desktop\\React\\src\\components\\footer\\footer.tsx","statementMap":{"0":{"start":{"line":1,"column":0},"end":{"line":1,"column":44}},"1":{"start":{"line":2,"column":0},"end":{"line":2,"column":58}},"2":{"start":{"line":3,"column":0},"end":{"line":3,"column":53}},"3":{"start":{"line":4,"column":0},"end":{"line":4,"column":29}},"4":{"start":{"line":6,"column":22},"end":{"line":11,"column":null}},"5":{"start":{"line":7,"column":4},"end":{"line":10,"column":null}},"6":{"start":{"line":6,"column":13},"end":{"line":6,"column":22}}},"fnMap":{"0":{"name":"(anonymous_1)","decl":{"start":{"line":6,"column":22},"end":{"line":6,"column":39}},"loc":{"start":{"line":7,"column":4},"end":{"line":10,"column":null}}}},"branchMap":{},"s":{"0":2,"1":2,"2":2,"3":2,"4":2,"5":1,"6":2},"f":{"0":1},"b":{}}
,"C:\\Users\\Pavel_Ponamarev\\Desktop\\React\\src\\components\\header\\header.constants.ts": {"path":"C:\\Users\\Pavel_Ponamarev\\Desktop\\React\\src\\components\\header\\header.constants.ts","statementMap":{"0":{"start":{"line":2,"column":0},"end":{"line":2,"column":49}},"1":{"start":{"line":4,"column":13},"end":{"line":4,"column":88}}},"fnMap":{},"branchMap":{},"s":{"0":1,"1":1},"f":{},"b":{}}
,"C:\\Users\\Pavel_Ponamarev\\Desktop\\React\\src\\components\\header\\header.tsx": {"path":"C:\\Users\\Pavel_Ponamarev\\Desktop\\React\\src\\components\\header\\header.tsx","statementMap":{"0":{"start":{"line":1,"column":0},"end":{"line":1,"column":44}},"1":{"start":{"line":2,"column":0},"end":{"line":2,"column":42}},"2":{"start":{"line":3,"column":0},"end":{"line":3,"column":58}},"3":{"start":{"line":4,"column":0},"end":{"line":4,"column":53}},"4":{"start":{"line":5,"column":0},"end":{"line":5,"column":29}},"5":{"start":{"line":7,"column":22},"end":{"line":13,"column":null}},"6":{"start":{"line":8,"column":4},"end":{"line":12,"column":null}},"7":{"start":{"line":7,"column":13},"end":{"line":7,"column":22}}},"fnMap":{"0":{"name":"(anonymous_1)","decl":{"start":{"line":7,"column":22},"end":{"line":7,"column":39}},"loc":{"start":{"line":8,"column":4},"end":{"line":12,"column":null}}}},"branchMap":{},"s":{"0":1,"1":1,"2":1,"3":1,"4":1,"5":1,"6":0,"7":1},"f":{"0":0},"b":{}}
,"C:\\Users\\Pavel_Ponamarev\\Desktop\\React\\src\\components\\headerdescription\\headerdescription.tsx": {"path":"C:\\Users\\Pavel_Ponamarev\\Desktop\\React\\src\\components\\headerdescription\\headerdescription.tsx","statementMap":{"0":{"start":{"line":1,"column":0},"end":{"line":1,"column":55}},"1":{"start":{"line":2,"column":0},"end":{"line":2,"column":58}},"2":{"start":{"line":3,"column":0},"end":{"line":3,"column":61}},"3":{"start":{"line":4,"column":0},"end":{"line":4,"column":42}},"4":{"start":{"line":5,"column":0},"end":{"line":5,"column":40}},"5":{"start":{"line":6,"column":0},"end":{"line":6,"column":55}},"6":{"start":{"line":7,"column":0},"end":{"line":7,"column":65}},"7":{"start":{"line":8,"column":0},"end":{"line":8,"column":99}},"8":{"start":{"line":9,"column":0},"end":{"line":9,"column":54}},"9":{"start":{"line":10,"column":0},"end":{"line":10,"column":51}},"10":{"start":{"line":11,"column":0},"end":{"line":11,"column":45}},"11":{"start":{"line":14,"column":33},"end":{"line":60,"column":1}},"12":{"start":{"line":15,"column":32},"end":{"line":15,"column":70}},"13":{"start":{"line":16,"column":21},"end":{"line":16,"column":34}},"14":{"start":{"line":17,"column":19},"end":{"line":17,"column":44}},"15":{"start":{"line":19,"column":4},"end":{"line":21,"column":23}},"16":{"start":{"line":20,"column":8},"end":{"line":20,"column":35}},"17":{"start":{"line":23,"column":24},"end":{"line":23,"column":54}},"18":{"start":{"line":25,"column":4},"end":{"line":59,"column":null}},"19":{"start":{"line":26,"column":8},"end":{"line":26,"column":55}},"20":{"start":{"line":28,"column":8},"end":{"line":58,"column":10}},"21":{"start":{"line":35,"column":47},"end":{"line":35,"column":67}},"22":{"start":{"line":14,"column":13},"end":{"line":14,"column":33}}},"fnMap":{"0":{"name":"(anonymous_6)","decl":{"start":{"line":14,"column":33},"end":{"line":14,"column":50}},"loc":{"start":{"line":14,"column":52},"end":{"line":60,"column":1}}},"1":{"name":"(anonymous_7)","decl":{"start":{"line":19,"column":14},"end":{"line":19,"column":17}},"loc":{"start":{"line":19,"column":19},"end":{"line":21,"column":5}}},"2":{"name":"(anonymous_8)","decl":{"start":{"line":35,"column":41},"end":{"line":35,"column":44}},"loc":{"start":{"line":35,"column":47},"end":{"line":35,"column":67}}}},"branchMap":{"0":{"loc":{"start":{"line":25,"column":4},"end":{"line":59,"column":null}},"type":"if","locations":[{"start":{"line":25,"column":4},"end":{"line":59,"column":null}},{"start":{"line":25,"column":4},"end":{"line":59,"column":null}}]}},"s":{"0":1,"1":1,"2":1,"3":1,"4":1,"5":1,"6":1,"7":1,"8":1,"9":1,"10":1,"11":1,"12":0,"13":0,"14":0,"15":0,"16":0,"17":0,"18":0,"19":0,"20":0,"21":0,"22":1},"f":{"0":0,"1":0,"2":0},"b":{"0":[0,0]}}
,"C:\\Users\\Pavel_Ponamarev\\Desktop\\React\\src\\components\\loading\\loading.tsx": {"path":"C:\\Users\\Pavel_Ponamarev\\Desktop\\React\\src\\components\\loading\\loading.tsx","statementMap":{"0":{"start":{"line":1,"column":0},"end":{"line":1,"column":48}},"1":{"start":{"line":2,"column":0},"end":{"line":2,"column":41}},"2":{"start":{"line":4,"column":0},"end":{"line":4,"column":30}},"3":{"start":{"line":6,"column":41},"end":{"line":9,"column":null}},"4":{"start":{"line":7,"column":4},"end":{"line":8,"column":null}},"5":{"start":{"line":6,"column":13},"end":{"line":6,"column":41}}},"fnMap":{"0":{"name":"(anonymous_1)","decl":{"start":{"line":6,"column":41},"end":{"line":6,"column":42}},"loc":{"start":{"line":7,"column":4},"end":{"line":8,"column":null}}}},"branchMap":{},"s":{"0":1,"1":1,"2":1,"3":1,"4":0,"5":1},"f":{"0":0},"b":{}}
,"C:\\Users\\Pavel_Ponamarev\\Desktop\\React\\src\\components\\main\\main.tsx": {"path":"C:\\Users\\Pavel_Ponamarev\\Desktop\\React\\src\\components\\main\\main.tsx","statementMap":{"0":{"start":{"line":1,"column":0},"end":{"line":1,"column":63}},"1":{"start":{"line":2,"column":0},"end":{"line":2,"column":51}},"2":{"start":{"line":4,"column":0},"end":{"line":4,"column":27}},"3":{"start":{"line":5,"column":0},"end":{"line":5,"column":70}},"4":{"start":{"line":6,"column":0},"end":{"line":6,"column":55}},"5":{"start":{"line":7,"column":0},"end":{"line":7,"column":90}},"6":{"start":{"line":8,"column":0},"end":{"line":8,"column":40}},"7":{"start":{"line":9,"column":0},"end":{"line":9,"column":45}},"8":{"start":{"line":10,"column":0},"end":{"line":10,"column":62}},"9":{"start":{"line":12,"column":20},"end":{"line":53,"column":1}},"10":{"start":{"line":13,"column":21},"end":{"line":13,"column":34}},"11":{"start":{"line":14,"column":19},"end":{"line":14,"column":44}},"12":{"start":{"line":15,"column":28},"end":{"line":15,"column":62}},"13":{"start":{"line":16,"column":24},"end":{"line":16,"column":34}},"14":{"start":{"line":17,"column":27},"end":{"line":17,"column":46}},"15":{"start":{"line":19,"column":4},"end":{"line":22,"column":19}},"16":{"start":{"line":20,"column":34},"end":{"line":20,"column":64}},"17":{"start":{"line":21,"column":8},"end":{"line":21,"column":55}},"18":{"start":{"line":24,"column":4},"end":{"line":52,"column":null}},"19":{"start":{"line":25,"column":8},"end":{"line":25,"column":55}},"20":{"start":{"line":27,"column":8},"end":{"line":51,"column":10}},"21":{"start":{"line":34,"column":92},"end":{"line":34,"column":97}},"22":{"start":{"line":35,"column":28},"end":{"line":46,"column":30}},"23":{"start":{"line":12,"column":13},"end":{"line":12,"column":20}}},"fnMap":{"0":{"name":"(anonymous_6)","decl":{"start":{"line":12,"column":20},"end":{"line":12,"column":37}},"loc":{"start":{"line":12,"column":39},"end":{"line":53,"column":1}}},"1":{"name":"(anonymous_7)","decl":{"start":{"line":19,"column":14},"end":{"line":19,"column":17}},"loc":{"start":{"line":19,"column":19},"end":{"line":22,"column":5}}},"2":{"name":"(anonymous_8)","decl":{"start":{"line":33,"column":35},"end":{"line":33,"column":36}},"loc":{"start":{"line":33,"column":56},"end":{"line":47,"column":25}}}},"branchMap":{"0":{"loc":{"start":{"line":24,"column":4},"end":{"line":52,"column":null}},"type":"if","locations":[{"start":{"line":24,"column":4},"end":{"line":52,"column":null}},{"start":{"line":24,"column":4},"end":{"line":52,"column":null}}]},"1":{"loc":{"start":{"line":31,"column":24},"end":{"line":31,"column":70}},"type":"cond-expr","locations":[{"start":{"line":31,"column":24},"end":{"line":31,"column":70}},{"start":{"line":33,"column":24},"end":{"line":47,"column":26}}]}},"s":{"0":1,"1":1,"2":1,"3":1,"4":1,"5":1,"6":1,"7":1,"8":1,"9":1,"10":0,"11":0,"12":0,"13":0,"14":0,"15":0,"16":0,"17":0,"18":0,"19":0,"20":0,"21":0,"22":0,"23":1},"f":{"0":0,"1":0,"2":0},"b":{"0":[0,0],"1":[0,0]}}
,"C:\\Users\\Pavel_Ponamarev\\Desktop\\React\\src\\components\\movieCard\\movieCard.tsx": {"path":"C:\\Users\\Pavel_Ponamarev\\Desktop\\React\\src\\components\\movieCard\\movieCard.tsx","statementMap":{"0":{"start":{"line":1,"column":0},"end":{"line":1,"column":48}},"1":{"start":{"line":3,"column":0},"end":{"line":3,"column":32}},"2":{"start":{"line":4,"column":0},"end":{"line":4,"column":54}},"3":{"start":{"line":6,"column":45},"end":{"line":19,"column":null}},"4":{"start":{"line":7,"column":4},"end":{"line":18,"column":null}},"5":{"start":{"line":6,"column":13},"end":{"line":6,"column":45}}},"fnMap":{"0":{"name":"(anonymous_1)","decl":{"start":{"line":6,"column":45},"end":{"line":6,"column":46}},"loc":{"start":{"line":7,"column":4},"end":{"line":18,"column":null}}}},"branchMap":{},"s":{"0":1,"1":1,"2":1,"3":1,"4":0,"5":1},"f":{"0":0},"b":{}}
,"C:\\Users\\Pavel_Ponamarev\\Desktop\\React\\src\\components\\movieImage\\movieImage.tsx": {"path":"C:\\Users\\Pavel_Ponamarev\\Desktop\\React\\src\\components\\movieImage\\movieImage.tsx","statementMap":{"0":{"start":{"line":1,"column":0},"end":{"line":1,"column":82}},"1":{"start":{"line":2,"column":0},"end":{"line":2,"column":48}},"2":{"start":{"line":5,"column":47},"end":{"line":30,"column":1}},"3":{"start":{"line":6,"column":52},"end":{"line":6,"column":67}},"4":{"start":{"line":8,"column":4},"end":{"line":10,"column":21}},"5":{"start":{"line":9,"column":8},"end":{"line":9,"column":35}},"6":{"start":{"line":12,"column":29},"end":{"line":14,"column":10}},"7":{"start":{"line":13,"column":8},"end":{"line":13,"column":34}},"8":{"start":{"line":16,"column":4},"end":{"line":29,"column":6}},"9":{"start":{"line":5,"column":13},"end":{"line":5,"column":47}}},"fnMap":{"0":{"name":"(anonymous_7)","decl":{"start":{"line":5,"column":47},"end":{"line":5,"column":48}},"loc":{"start":{"line":5,"column":98},"end":{"line":30,"column":1}}},"1":{"name":"(anonymous_8)","decl":{"start":{"line":8,"column":14},"end":{"line":8,"column":17}},"loc":{"start":{"line":8,"column":19},"end":{"line":10,"column":5}}},"2":{"name":"(anonymous_9)","decl":{"start":{"line":12,"column":41},"end":{"line":12,"column":44}},"loc":{"start":{"line":12,"column":46},"end":{"line":14,"column":5}}}},"branchMap":{"0":{"loc":{"start":{"line":19,"column":16},"end":{"line":19,"column":71}},"type":"cond-expr","locations":[{"start":{"line":19,"column":16},"end":{"line":19,"column":71}},{"start":{"line":21,"column":16},"end":{"line":25,"column":null}}]}},"s":{"0":1,"1":1,"2":1,"3":0,"4":0,"5":0,"6":0,"7":0,"8":0,"9":1},"f":{"0":0,"1":0,"2":0},"b":{"0":[0,0]}}
,"C:\\Users\\Pavel_Ponamarev\\Desktop\\React\\src\\components\\search\\search.tsx": {"path":"C:\\Users\\Pavel_Ponamarev\\Desktop\\React\\src\\components\\search\\search.tsx","statementMap":{"0":{"start":{"line":1,"column":0},"end":{"line":1,"column":82}},"1":{"start":{"line":2,"column":0},"end":{"line":2,"column":42}},"2":{"start":{"line":3,"column":0},"end":{"line":3,"column":44}},"3":{"start":{"line":5,"column":0},"end":{"line":5,"column":29}},"4":{"start":{"line":6,"column":0},"end":{"line":6,"column":55}},"5":{"start":{"line":7,"column":0},"end":{"line":7,"column":90}},"6":{"start":{"line":8,"column":0},"end":{"line":8,"column":88}},"7":{"start":{"line":9,"column":0},"end":{"line":9,"column":40}},"8":{"start":{"line":11,"column":39},"end":{"line":69,"column":1}},"9":{"start":{"line":12,"column":21},"end":{"line":12,"column":48}},"10":{"start":{"line":13,"column":24},"end":{"line":13,"column":54}},"11":{"start":{"line":14,"column":32},"end":{"line":14,"column":44}},"12":{"start":{"line":15,"column":21},"end":{"line":15,"column":34}},"13":{"start":{"line":17,"column":4},"end":{"line":19,"column":22}},"14":{"start":{"line":18,"column":8},"end":{"line":18,"column":31}},"15":{"start":{"line":21,"column":30},"end":{"line":21,"column":87}},"16":{"start":{"line":21,"column":53},"end":{"line":21,"column":82}},"17":{"start":{"line":23,"column":27},"end":{"line":25,"column":5}},"18":{"start":{"line":23,"column":51},"end":{"line":25,"column":5}},"19":{"start":{"line":24,"column":8},"end":{"line":24,"column":47}},"20":{"start":{"line":27,"column":33},"end":{"line":33,"column":26}},"21":{"start":{"line":28,"column":8},"end":{"line":32,"column":10}},"22":{"start":{"line":35,"column":4},"end":{"line":68,"column":6}},"23":{"start":{"line":11,"column":13},"end":{"line":11,"column":39}}},"fnMap":{"0":{"name":"(anonymous_6)","decl":{"start":{"line":11,"column":39},"end":{"line":11,"column":40}},"loc":{"start":{"line":11,"column":67},"end":{"line":69,"column":1}}},"1":{"name":"(anonymous_7)","decl":{"start":{"line":17,"column":14},"end":{"line":17,"column":17}},"loc":{"start":{"line":17,"column":19},"end":{"line":19,"column":5}}},"2":{"name":"(anonymous_8)","decl":{"start":{"line":21,"column":42},"end":{"line":21,"column":43}},"loc":{"start":{"line":21,"column":53},"end":{"line":21,"column":82}}},"3":{"name":"(anonymous_9)","decl":{"start":{"line":23,"column":27},"end":{"line":23,"column":28}},"loc":{"start":{"line":23,"column":51},"end":{"line":25,"column":5}}},"4":{"name":"(anonymous_10)","decl":{"start":{"line":23,"column":51},"end":{"line":23,"column":54}},"loc":{"start":{"line":23,"column":56},"end":{"line":25,"column":5}}},"5":{"name":"(anonymous_11)","decl":{"start":{"line":27,"column":45},"end":{"line":27,"column":48}},"loc":{"start":{"line":27,"column":50},"end":{"line":33,"column":5}}}},"branchMap":{"0":{"loc":{"start":{"line":46,"column":71},"end":{"line":46,"column":79}},"type":"cond-expr","locations":[{"start":{"line":46,"column":71},"end":{"line":46,"column":79}},{"start":{"line":46,"column":82},"end":{"line":46,"column":84}}]},"1":{"loc":{"start":{"line":52,"column":71},"end":{"line":52,"column":79}},"type":"cond-expr","locations":[{"start":{"line":52,"column":71},"end":{"line":52,"column":79}},{"start":{"line":52,"column":82},"end":{"line":52,"column":84}}]}},"s":{"0":1,"1":1,"2":1,"3":1,"4":1,"5":1,"6":1,"7":1,"8":1,"9":0,"10":0,"11":0,"12":0,"13":0,"14":0,"15":0,"16":0,"17":0,"18":0,"19":0,"20":0,"21":0,"22":0,"23":1},"f":{"0":0,"1":0,"2":0,"3":0,"4":0,"5":0},"b":{"0":[0,0],"1":[0,0]}}
,"C:\\Users\\Pavel_Ponamarev\\Desktop\\React\\src\\components\\sort\\sort.tsx": {"path":"C:\\Users\\Pavel_Ponamarev\\Desktop\\React\\src\\components\\sort\\sort.tsx","statementMap":{"0":{"start":{"line":1,"column":0},"end":{"line":1,"column":44}},"1":{"start":{"line":2,"column":0},"end":{"line":2,"column":42}},"2":{"start":{"line":3,"column":0},"end":{"line":3,"column":42}},"3":{"start":{"line":4,"column":0},"end":{"line":4,"column":27}},"4":{"start":{"line":5,"column":0},"end":{"line":5,"column":55}},"5":{"start":{"line":6,"column":0},"end":{"line":6,"column":70}},"6":{"start":{"line":7,"column":0},"end":{"line":7,"column":81}},"7":{"start":{"line":9,"column":20},"end":{"line":44,"column":1}},"8":{"start":{"line":10,"column":19},"end":{"line":10,"column":44}},"9":{"start":{"line":11,"column":19},"end":{"line":11,"column":44}},"10":{"start":{"line":12,"column":21},"end":{"line":12,"column":34}},"11":{"start":{"line":14,"column":25},"end":{"line":20,"column":5}},"12":{"start":{"line":14,"column":45},"end":{"line":20,"column":5}},"13":{"start":{"line":15,"column":8},"end":{"line":19,"column":10}},"14":{"start":{"line":22,"column":4},"end":{"line":43,"column":6}},"15":{"start":{"line":9,"column":13},"end":{"line":9,"column":20}}},"fnMap":{"0":{"name":"(anonymous_1)","decl":{"start":{"line":9,"column":20},"end":{"line":9,"column":37}},"loc":{"start":{"line":9,"column":39},"end":{"line":44,"column":1}}},"1":{"name":"(anonymous_2)","decl":{"start":{"line":14,"column":25},"end":{"line":14,"column":26}},"loc":{"start":{"line":14,"column":45},"end":{"line":20,"column":5}}},"2":{"name":"(anonymous_3)","decl":{"start":{"line":14,"column":45},"end":{"line":14,"column":48}},"loc":{"start":{"line":14,"column":50},"end":{"line":20,"column":5}}}},"branchMap":{"0":{"loc":{"start":{"line":29,"column":56},"end":{"line":29,"column":74}},"type":"cond-expr","locations":[{"start":{"line":29,"column":56},"end":{"line":29,"column":74}},{"start":{"line":29,"column":77},"end":{"line":29,"column":null}}]},"1":{"loc":{"start":{"line":36,"column":72},"end":{"line":36,"column":90}},"type":"cond-expr","locations":[{"start":{"line":36,"column":72},"end":{"line":36,"column":90}},{"start":{"line":36,"column":93},"end":{"line":36,"column":95}}]}},"s":{"0":1,"1":1,"2":1,"3":1,"4":1,"5":1,"6":1,"7":1,"8":0,"9":0,"10":0,"11":0,"12":0,"13":0,"14":0,"15":1},"f":{"0":0,"1":0,"2":0},"b":{"0":[0,0],"1":[0,0]}}
,"C:\\Users\\Pavel_Ponamarev\\Desktop\\React\\src\\components\\sortdescription\\sortdescription.tsx": {"path":"C:\\Users\\Pavel_Ponamarev\\Desktop\\React\\src\\components\\sortdescription\\sortdescription.tsx","statementMap":{"0":{"start":{"line":1,"column":0},"end":{"line":1,"column":44}},"1":{"start":{"line":2,"column":0},"end":{"line":2,"column":38}},"2":{"start":{"line":3,"column":0},"end":{"line":3,"column":42}},"3":{"start":{"line":4,"column":0},"end":{"line":4,"column":72}},"4":{"start":{"line":6,"column":31},"end":{"line":19,"column":1}},"5":{"start":{"line":7,"column":24},"end":{"line":7,"column":54}},"6":{"start":{"line":9,"column":4},"end":{"line":11,"column":null}},"7":{"start":{"line":10,"column":8},"end":{"line":10,"column":20}},"8":{"start":{"line":13,"column":23},"end":{"line":13,"column":34}},"9":{"start":{"line":14,"column":4},"end":{"line":18,"column":6}},"10":{"start":{"line":6,"column":13},"end":{"line":6,"column":31}}},"fnMap":{"0":{"name":"(anonymous_1)","decl":{"start":{"line":6,"column":31},"end":{"line":6,"column":48}},"loc":{"start":{"line":6,"column":50},"end":{"line":19,"column":1}}}},"branchMap":{"0":{"loc":{"start":{"line":9,"column":4},"end":{"line":11,"column":null}},"type":"if","locations":[{"start":{"line":9,"column":4},"end":{"line":11,"column":null}},{"start":{"line":9,"column":4},"end":{"line":11,"column":null}}]}},"s":{"0":1,"1":1,"2":1,"3":1,"4":1,"5":0,"6":0,"7":0,"8":0,"9":0,"10":1},"f":{"0":0},"b":{"0":[0,0]}}
,"C:\\Users\\Pavel_Ponamarev\\Desktop\\React\\src\\store\\movies\\movies.actions.ts": {"path":"C:\\Users\\Pavel_Ponamarev\\Desktop\\React\\src\\store\\movies\\movies.actions.ts","statementMap":{"0":{"start":{"line":2,"column":0},"end":{"line":2,"column":66}},"1":{"start":{"line":3,"column":0},"end":{"line":3,"column":null}},"2":{"start":{"line":25,"column":27},"end":{"line":25,"column":76}},"3":{"start":{"line":25,"column":42},"end":{"line":25,"column":75}},"4":{"start":{"line":26,"column":28},"end":{"line":26,"column":78}},"5":{"start":{"line":26,"column":43},"end":{"line":26,"column":77}},"6":{"start":{"line":27,"column":32},"end":{"line":27,"column":87}},"7":{"start":{"line":27,"column":47},"end":{"line":27,"column":86}},"8":{"start":{"line":28,"column":33},"end":{"line":28,"column":89}},"9":{"start":{"line":28,"column":48},"end":{"line":28,"column":88}},"10":{"start":{"line":30,"column":19},"end":{"line":48,"column":1}},"11":{"start":{"line":37,"column":4},"end":{"line":47,"column":6}},"12":{"start":{"line":38,"column":8},"end":{"line":38,"column":39}},"13":{"start":{"line":39,"column":8},"end":{"line":46,"column":57}},"14":{"start":{"line":42,"column":32},"end":{"line":42,"column":47}},"15":{"start":{"line":44,"column":16},"end":{"line":44,"column":63}},"16":{"start":{"line":46,"column":24},"end":{"line":46,"column":55}},"17":{"start":{"line":50,"column":34},"end":{"line":54,"column":1}},"18":{"start":{"line":51,"column":4},"end":{"line":53,"column":6}},"19":{"start":{"line":52,"column":8},"end":{"line":52,"column":69}},"20":{"start":{"line":50,"column":13},"end":{"line":50,"column":34}},"21":{"start":{"line":56,"column":28},"end":{"line":66,"column":1}},"22":{"start":{"line":57,"column":4},"end":{"line":65,"column":6}},"23":{"start":{"line":60,"column":8},"end":{"line":60,"column":44}},"24":{"start":{"line":61,"column":8},"end":{"line":64,"column":62}},"25":{"start":{"line":62,"column":32},"end":{"line":62,"column":47}},"26":{"start":{"line":63,"column":28},"end":{"line":63,"column":78}},"27":{"start":{"line":64,"column":24},"end":{"line":64,"column":60}},"28":{"start":{"line":56,"column":13},"end":{"line":56,"column":28}},"29":{"start":{"line":68,"column":33},"end":{"line":89,"column":1}},"30":{"start":{"line":69,"column":4},"end":{"line":88,"column":6}},"31":{"start":{"line":78,"column":58},"end":{"line":78,"column":68}},"32":{"start":{"line":79,"column":8},"end":{"line":79,"column":56}},"33":{"start":{"line":80,"column":8},"end":{"line":87,"column":10}},"34":{"start":{"line":68,"column":13},"end":{"line":68,"column":33}}},"fnMap":{"0":{"name":"(anonymous_0)","decl":{"start":{"line":25,"column":27},"end":{"line":25,"column":38}},"loc":{"start":{"line":25,"column":42},"end":{"line":25,"column":75}}},"1":{"name":"(anonymous_1)","decl":{"start":{"line":26,"column":28},"end":{"line":26,"column":39}},"loc":{"start":{"line":26,"column":43},"end":{"line":26,"column":77}}},"2":{"name":"(anonymous_2)","decl":{"start":{"line":27,"column":32},"end":{"line":27,"column":43}},"loc":{"start":{"line":27,"column":47},"end":{"line":27,"column":86}}},"3":{"name":"(anonymous_3)","decl":{"start":{"line":28,"column":33},"end":{"line":28,"column":44}},"loc":{"start":{"line":28,"column":48},"end":{"line":28,"column":88}}},"4":{"name":"(anonymous_4)","decl":{"start":{"line":30,"column":19},"end":{"line":30,"column":20}},"loc":{"start":{"line":36,"column":22},"end":{"line":48,"column":1}}},"5":{"name":"(anonymous_5)","decl":{"start":{"line":37,"column":11},"end":{"line":37,"column":12}},"loc":{"start":{"line":37,"column":97},"end":{"line":47,"column":5}}},"6":{"name":"(anonymous_6)","decl":{"start":{"line":42,"column":18},"end":{"line":42,"column":19}},"loc":{"start":{"line":42,"column":32},"end":{"line":42,"column":47}}},"7":{"name":"(anonymous_7)","decl":{"start":{"line":43,"column":18},"end":{"line":43,"column":19}},"loc":{"start":{"line":43,"column":27},"end":{"line":45,"column":13}}},"8":{"name":"(anonymous_8)","decl":{"start":{"line":46,"column":18},"end":{"line":46,"column":21}},"loc":{"start":{"line":46,"column":24},"end":{"line":46,"column":55}}},"9":{"name":"(anonymous_9)","decl":{"start":{"line":50,"column":34},"end":{"line":50,"column":35}},"loc":{"start":{"line":50,"column":54},"end":{"line":54,"column":1}}},"10":{"name":"(anonymous_10)","decl":{"start":{"line":51,"column":11},"end":{"line":51,"column":12}},"loc":{"start":{"line":51,"column":87},"end":{"line":53,"column":5}}},"11":{"name":"(anonymous_11)","decl":{"start":{"line":56,"column":28},"end":{"line":56,"column":29}},"loc":{"start":{"line":56,"column":43},"end":{"line":66,"column":1}}},"12":{"name":"(anonymous_12)","decl":{"start":{"line":57,"column":11},"end":{"line":57,"column":null}},"loc":{"start":{"line":59,"column":23},"end":{"line":65,"column":5}}},"13":{"name":"(anonymous_13)","decl":{"start":{"line":62,"column":18},"end":{"line":62,"column":19}},"loc":{"start":{"line":62,"column":32},"end":{"line":62,"column":47}}},"14":{"name":"(anonymous_14)","decl":{"start":{"line":63,"column":18},"end":{"line":63,"column":19}},"loc":{"start":{"line":63,"column":28},"end":{"line":63,"column":78}}},"15":{"name":"(anonymous_15)","decl":{"start":{"line":64,"column":18},"end":{"line":64,"column":21}},"loc":{"start":{"line":64,"column":24},"end":{"line":64,"column":60}}},"16":{"name":"(anonymous_16)","decl":{"start":{"line":68,"column":33},"end":{"line":68,"column":34}},"loc":{"start":{"line":68,"column":70},"end":{"line":89,"column":1}}},"17":{"name":"(anonymous_17)","decl":{"start":{"line":69,"column":11},"end":{"line":69,"column":null}},"loc":{"start":{"line":77,"column":14},"end":{"line":88,"column":5}}}},"branchMap":{"0":{"loc":{"start":{"line":31,"column":13},"end":{"line":31,"column":31}},"type":"default-arg","locations":[{"start":{"line":31,"column":13},"end":{"line":31,"column":31}}]},"1":{"loc":{"start":{"line":32,"column":13},"end":{"line":32,"column":15}},"type":"default-arg","locations":[{"start":{"line":32,"column":13},"end":{"line":32,"column":15}}]},"2":{"loc":{"start":{"line":33,"column":15},"end":{"line":33,"column":29}},"type":"default-arg","locations":[{"start":{"line":33,"column":15},"end":{"line":33,"column":29}}]},"3":{"loc":{"start":{"line":34,"column":13},"end":{"line":34,"column":14}},"type":"default-arg","locations":[{"start":{"line":34,"column":13},"end":{"line":34,"column":14}}]},"4":{"loc":{"start":{"line":35,"column":12},"end":{"line":35,"column":13}},"type":"default-arg","locations":[{"start":{"line":35,"column":12},"end":{"line":35,"column":13}}]},"5":{"loc":{"start":{"line":82,"column":24},"end":{"line":82,"column":38}},"type":"binary-expr","locations":[{"start":{"line":82,"column":24},"end":{"line":82,"column":38}},{"start":{"line":82,"column":42},"end":{"line":82,"column":48}}]},"6":{"loc":{"start":{"line":83,"column":24},"end":{"line":83,"column":43}},"type":"binary-expr","locations":[{"start":{"line":83,"column":24},"end":{"line":83,"column":43}},{"start":{"line":83,"column":47},"end":{"line":83,"column":58}}]},"7":{"loc":{"start":{"line":84,"column":26},"end":{"line":84,"column":42}},"type":"binary-expr","locations":[{"start":{"line":84,"column":26},"end":{"line":84,"column":42}},{"start":{"line":84,"column":46},"end":{"line":84,"column":54}}]},"8":{"loc":{"start":{"line":85,"column":24},"end":{"line":85,"column":38}},"type":"binary-expr","locations":[{"start":{"line":85,"column":24},"end":{"line":85,"column":38}},{"start":{"line":85,"column":42},"end":{"line":85,"column":48}}]}},"s":{"0":1,"1":1,"2":1,"3":0,"4":1,"5":0,"6":1,"7":0,"8":1,"9":0,"10":1,"11":0,"12":0,"13":0,"14":0,"15":0,"16":0,"17":1,"18":0,"19":0,"20":1,"21":1,"22":0,"23":0,"24":0,"25":0,"26":0,"27":0,"28":1,"29":1,"30":0,"31":0,"32":0,"33":0,"34":1},"f":{"0":0,"1":0,"2":0,"3":0,"4":0,"5":0,"6":0,"7":0,"8":0,"9":0,"10":0,"11":0,"12":0,"13":0,"14":0,"15":0,"16":0,"17":0},"b":{"0":[0],"1":[0],"2":[0],"3":[0],"4":[0],"5":[0,0],"6":[0,0],"7":[0,0],"8":[0,0]}}
,"C:\\Users\\Pavel_Ponamarev\\Desktop\\React\\src\\store\\movies\\movies.constants.ts": {"path":"C:\\Users\\Pavel_Ponamarev\\Desktop\\React\\src\\store\\movies\\movies.constants.ts","statementMap":{"0":{"start":{"line":1,"column":13},"end":{"line":1,"column":72}},"1":{"start":{"line":2,"column":13},"end":{"line":2,"column":39}},"2":{"start":{"line":3,"column":13},"end":{"line":3,"column":41}},"3":{"start":{"line":4,"column":13},"end":{"line":4,"column":59}},"4":{"start":{"line":5,"column":13},"end":{"line":5,"column":49}},"5":{"start":{"line":6,"column":13},"end":{"line":6,"column":65}},"6":{"start":{"line":7,"column":13},"end":{"line":7,"column":67}},"7":{"start":{"line":8,"column":13},"end":{"line":8,"column":77}},"8":{"start":{"line":9,"column":13},"end":{"line":9,"column":79}},"9":{"start":{"line":10,"column":13},"end":{"line":10,"column":55}}},"fnMap":{},"branchMap":{},"s":{"0":1,"1":1,"2":1,"3":1,"4":1,"5":1,"6":1,"7":1,"8":1,"9":1},"f":{},"b":{}}
,"C:\\Users\\Pavel_Ponamarev\\Desktop\\React\\src\\store\\movies\\movies.selectors.ts": {"path":"C:\\Users\\Pavel_Ponamarev\\Desktop\\React\\src\\store\\movies\\movies.selectors.ts","statementMap":{"0":{"start":{"line":4,"column":28},"end":{"line":4,"column":78}},"1":{"start":{"line":4,"column":66},"end":{"line":4,"column":78}},"2":{"start":{"line":4,"column":13},"end":{"line":4,"column":28}},"3":{"start":{"line":5,"column":33},"end":{"line":5,"column":92}},"4":{"start":{"line":5,"column":75},"end":{"line":5,"column":92}},"5":{"start":{"line":5,"column":13},"end":{"line":5,"column":33}},"6":{"start":{"line":6,"column":28},"end":{"line":6,"column":73}},"7":{"start":{"line":6,"column":61},"end":{"line":6,"column":73}},"8":{"start":{"line":6,"column":13},"end":{"line":6,"column":28}},"9":{"start":{"line":7,"column":30},"end":{"line":7,"column":79}},"10":{"start":{"line":7,"column":65},"end":{"line":7,"column":79}},"11":{"start":{"line":7,"column":13},"end":{"line":7,"column":30}},"12":{"start":{"line":8,"column":33},"end":{"line":8,"column":83}},"13":{"start":{"line":8,"column":66},"end":{"line":8,"column":83}},"14":{"start":{"line":8,"column":13},"end":{"line":8,"column":33}},"15":{"start":{"line":9,"column":37},"end":{"line":9,"column":92}},"16":{"start":{"line":9,"column":71},"end":{"line":9,"column":92}},"17":{"start":{"line":9,"column":13},"end":{"line":9,"column":37}},"18":{"start":{"line":10,"column":41},"end":{"line":11,"column":29}},"19":{"start":{"line":11,"column":4},"end":{"line":11,"column":29}},"20":{"start":{"line":10,"column":13},"end":{"line":10,"column":41}}},"fnMap":{"0":{"name":"(anonymous_0)","decl":{"start":{"line":4,"column":28},"end":{"line":4,"column":29}},"loc":{"start":{"line":4,"column":66},"end":{"line":4,"column":78}}},"1":{"name":"(anonymous_1)","decl":{"start":{"line":5,"column":33},"end":{"line":5,"column":34}},"loc":{"start":{"line":5,"column":75},"end":{"line":5,"column":92}}},"2":{"name":"(anonymous_2)","decl":{"start":{"line":6,"column":28},"end":{"line":6,"column":29}},"loc":{"start":{"line":6,"column":61},"end":{"line":6,"column":73}}},"3":{"name":"(anonymous_3)","decl":{"start":{"line":7,"column":30},"end":{"line":7,"column":31}},"loc":{"start":{"line":7,"column":65},"end":{"line":7,"column":79}}},"4":{"name":"(anonymous_4)","decl":{"start":{"line":8,"column":33},"end":{"line":8,"column":34}},"loc":{"start":{"line":8,"column":66},"end":{"line":8,"column":83}}},"5":{"name":"(anonymous_5)","decl":{"start":{"line":9,"column":37},"end":{"line":9,"column":38}},"loc":{"start":{"line":9,"column":71},"end":{"line":9,"column":92}}},"6":{"name":"(anonymous_6)","decl":{"start":{"line":10,"column":41},"end":{"line":10,"column":42}},"loc":{"start":{"line":11,"column":4},"end":{"line":11,"column":29}}}},"branchMap":{},"s":{"0":1,"1":0,"2":1,"3":1,"4":0,"5":1,"6":1,"7":0,"8":1,"9":1,"10":0,"11":1,"12":1,"13":0,"14":1,"15":1,"16":0,"17":1,"18":1,"19":0,"20":1},"f":{"0":0,"1":0,"2":0,"3":0,"4":0,"5":0,"6":0},"b":{}}
}
